2026-02-27 10:25:24 - INFO - Assets path configured: /home/petkoff/Desktop/python-file-manager/assets
2026-02-27 10:25:24 - INFO - Starting up UDS server on /tmp/Ekihqp11H4
2026-02-27 10:25:24 - INFO - Flet app has started...
2026-02-27 10:25:24 - INFO - App URL: /tmp/Ekihqp11H4
2026-02-27 10:25:24 - INFO - Starting Flet View app...
2026-02-27 10:25:24 - INFO - Flet View found in: /home/petkoff/.flet/bin/flet-0.23.2
2026-02-27 10:25:24 - INFO - App session started
2026-02-27 10:31:26 - INFO - Assets path configured: /home/petkoff/Desktop/python-file-manager/assets
2026-02-27 10:31:26 - INFO - Starting up UDS server on /tmp/mrPoZrvm8w
2026-02-27 10:31:26 - INFO - Flet app has started...
2026-02-27 10:31:26 - INFO - App URL: /tmp/mrPoZrvm8w
2026-02-27 10:31:26 - INFO - Starting Flet View app...
2026-02-27 10:31:26 - INFO - Flet View found in: /home/petkoff/.flet/bin/flet-0.23.2
2026-02-27 10:31:27 - INFO - App session started
2026-02-27 10:32:51 - INFO - Assets path configured: /home/petkoff/Desktop/python-file-manager/assets
2026-02-27 10:32:51 - INFO - Starting up UDS server on /tmp/G0v2qCbVbl
2026-02-27 10:32:51 - INFO - Flet app has started...
2026-02-27 10:32:51 - INFO - App URL: /tmp/G0v2qCbVbl
2026-02-27 10:32:51 - INFO - Starting Flet View app...
2026-02-27 10:32:51 - INFO - Flet View found in: /home/petkoff/.flet/bin/flet-0.23.2
2026-02-27 10:32:51 - INFO - App session started
2026-03-20 11:48:33 - INFO - Assets path configured: /home/petkoff/Desktop/python-file-manager/assets
2026-03-20 11:48:33 - INFO - Starting up UDS server on /tmp/NSL77malin
2026-03-20 11:48:33 - INFO - Flet app has started...
2026-03-20 11:48:33 - INFO - App URL: /tmp/NSL77malin
2026-03-20 11:48:33 - INFO - Starting Flet View app...
2026-03-20 11:48:33 - INFO - Flet View found in: /home/petkoff/.flet/bin/flet-0.23.2
2026-03-20 11:48:34 - INFO - App session started
2026-03-20 11:49:08 - INFO - Assets path configured: /home/petkoff/Desktop/python-file-manager/assets
2026-03-20 11:49:08 - INFO - Starting up UDS server on /tmp/LkhKkwVJyZ
2026-03-20 11:49:08 - INFO - Flet app has started...
2026-03-20 11:49:08 - INFO - App URL: /tmp/LkhKkwVJyZ
2026-03-20 11:49:08 - INFO - Starting Flet View app...
2026-03-20 11:49:08 - INFO - Flet View found in: /home/petkoff/.flet/bin/flet-0.23.2
2026-03-20 11:49:09 - INFO - App session started
2026-03-20 11:50:22 - INFO - Assets path configured: /home/petkoff/Desktop/python-file-manager/assets
2026-03-20 11:50:22 - INFO - Starting up UDS server on /tmp/fEytrG3GNb
2026-03-20 11:50:22 - INFO - Flet app has started...
2026-03-20 11:50:22 - INFO - App URL: /tmp/fEytrG3GNb
2026-03-20 11:50:22 - INFO - Starting Flet View app...
2026-03-20 11:50:22 - INFO - Flet View found in: /home/petkoff/.flet/bin/flet-0.23.2
2026-03-20 11:50:22 - INFO - App session started
2026-03-20 11:56:59 - INFO - Assets path configured: /home/petkoff/Desktop/python-file-manager/assets
2026-03-20 11:56:59 - INFO - Starting up UDS server on /tmp/hfxOI342EM
2026-03-20 11:56:59 - INFO - Flet app has started...
2026-03-20 11:56:59 - INFO - App URL: /tmp/hfxOI342EM
2026-03-20 11:56:59 - INFO - Starting Flet View app...
2026-03-20 11:56:59 - INFO - Flet View found in: /home/petkoff/.flet/bin/flet-0.23.2
2026-03-20 11:56:59 - INFO - App session started
2026-03-24 22:27:42 - INFO - Assets path configured: /home/petkoff/Desktop/python-file-manager/assets
2026-03-24 22:27:42 - INFO - Starting up UDS server on /tmp/T8ti8sVcJJ
2026-03-24 22:27:42 - INFO - Flet app has started...
2026-03-24 22:27:42 - INFO - App URL: /tmp/T8ti8sVcJJ
2026-03-24 22:27:42 - INFO - Starting Flet View app...
2026-03-24 22:27:42 - INFO - Flet View found in: /home/petkoff/.flet/bin/flet-0.23.2
2026-03-24 22:27:43 - INFO - App session started
